<?xml version="1.0" encoding="UTF-8"?>
<coverage generated="1642581379636" clover="3.2.0">
  <project timestamp="1642581379636" name="All files">
    <metrics statements="16" coveredstatements="10" conditionals="4" coveredconditionals="2" methods="11" coveredmethods="6" elements="31" coveredelements="18" complexity="0" loc="16" ncloc="16" packages="1" files="1" classes="1"/>
    <file name="class.js" path="/home/nuri/microverse/rashid-test-to-do/microverse-todo-list/src/class.js">
      <metrics statements="16" coveredstatements="10" conditionals="4" coveredconditionals="2" methods="11" coveredmethods="6"/>
      <line num="3" count="3" type="cond" truecount="1" falsecount="1"/>
      <line num="7" count="4" type="stmt"/>
      <line num="8" count="4" type="stmt"/>
      <line num="9" count="4" type="stmt"/>
      <line num="13" count="2" type="stmt"/>
      <line num="14" count="1" type="stmt"/>
      <line num="15" count="1" type="cond" truecount="1" falsecount="1"/>
      <line num="16" count="1" type="stmt"/>
      <line num="18" count="1" type="stmt"/>
      <line num="23" count="2" type="stmt"/>
      <line num="27" count="0" type="stmt"/>
      <line num="31" count="0" type="stmt"/>
      <line num="32" count="0" type="stmt"/>
      <line num="33" count="0" type="stmt"/>
      <line num="34" count="0" type="stmt"/>
      <line num="35" count="0" type="stmt"/>
    </file>
  </project>
</coverage>
